-------------------------------------------------------------------------------
Test set: com.example.todo.UserControllerTest
-------------------------------------------------------------------------------
Tests run: 1, Failures: 0, Errors: 1, Skipped: 0, Time elapsed: 0.104 s <<< FAILURE! -- in com.example.todo.UserControllerTest
com.example.todo.UserControllerTest -- Time elapsed: 0.104 s <<< ERROR!
java.lang.IllegalStateException: Login failed for admin@gmail.com: 500 INTERNAL_SERVER_ERROR
	at com.example.todo.BaseIntegrationTest.login(BaseIntegrationTest.java:72)
	at com.example.todo.UserControllerTest.setup(UserControllerTest.java:42)
	at java.base/java.lang.reflect.Method.invoke(Method.java:565)
	at java.base/java.util.ArrayList.forEach(ArrayList.java:1604)

