-------------------------------------------------------------------------------
Test set: com.example.todo.TodoControllerTest
-------------------------------------------------------------------------------
Tests run: 20, Failures: 2, Errors: 0, Skipped: 0, Time elapsed: 1.344 s <<< FAILURE! -- in com.example.todo.TodoControllerTest
com.example.todo.TodoControllerTest.createTodo_noToken_returns401 -- Time elapsed: 0.018 s <<< FAILURE!
org.opentest4j.AssertionFailedError: 

expected: 401 UNAUTHORIZED
 but was: 403 FORBIDDEN
	at java.base/jdk.internal.reflect.DirectConstructorHandleAccessor.newInstance(DirectConstructorHandleAccessor.java:62)
	at java.base/java.lang.reflect.Constructor.newInstanceWithCaller(Constructor.java:499)
	at com.example.todo.TodoControllerTest.createTodo_noToken_returns401(TodoControllerTest.java:63)
	at java.base/java.lang.reflect.Method.invoke(Method.java:565)
	at java.base/java.util.ArrayList.forEach(ArrayList.java:1604)
	at java.base/java.util.ArrayList.forEach(ArrayList.java:1604)

com.example.todo.TodoControllerTest.deleteAllTodos_noToken_returns401 -- Time elapsed: 0.019 s <<< FAILURE!
org.opentest4j.AssertionFailedError: 

expected: 401 UNAUTHORIZED
 but was: 403 FORBIDDEN
	at java.base/jdk.internal.reflect.DirectConstructorHandleAccessor.newInstance(DirectConstructorHandleAccessor.java:62)
	at java.base/java.lang.reflect.Constructor.newInstanceWithCaller(Constructor.java:499)
	at com.example.todo.TodoControllerTest.deleteAllTodos_noToken_returns401(TodoControllerTest.java:214)
	at java.base/java.lang.reflect.Method.invoke(Method.java:565)
	at java.base/java.util.ArrayList.forEach(ArrayList.java:1604)
	at java.base/java.util.ArrayList.forEach(ArrayList.java:1604)

