<?xml version="1.0" encoding="UTF-8"?>
<testsuite xmlns:xsi="http://www.w3.org/2001/XMLSchema-instance" xsi:noNamespaceSchemaLocation="https://maven.apache.org/surefire/maven-surefire-plugin/xsd/surefire-test-report-3.0.xsd" version="3.0" name="com.example.todo.AuthControllerTest" time="11.746" tests="16" errors="0" skipped="0" failures="0">
  <properties>
[...]
</properties>
  <testcase name="signup_success" classname="com.example.todo.AuthControllerTest" time="0.63">
    <system-out><![CDATA[21:26:29.267 [main] INFO org.springframework.test.context.support.AnnotationConfigContextLoaderUtils -- Could not detect default configuration classes for test class [com.example.todo.AuthControllerTest]: AuthControllerTest does not declare any static, non-private, non-final, nested classes annotated with @Configuration.
21:26:29.466 [main] INFO org.springframework.boot.test.context.SpringBootTestContextBootstrapper -- Found @SpringBootConfiguration com.example.todo.TodoApplication for test class com.example.todo.AuthControllerTest

  .   ____          _            __ _ _
 /\\ / ___'_ __ _ _(_)_ __  __ _ \ \ \ \
( ( )\___ | '_ | '_| | '_ \/ _` | \ \ \ \
 \\/  ___)| |_)| | | | | || (_| |  ) ) ) )
  '  |____| .__|_| |_|_| |_\__, | / / / /
 =========|_|==============|___/=/_/_/_/
 :: Spring Boot ::                (v3.2.3)

2026-04-12T21:26:30.046+02:00  INFO 27744 --- [           main] com.example.todo.AuthControllerTest      : Starting AuthControllerTest using Java 25 with PID 27744 (started by user in C:\Users\user\OneDrive\Desktop\Backend_Todo_List)
2026-04-12T21:26:30.047+02:00  INFO 27744 --- [           main] com.example.todo.AuthControllerTest      : No active profile set, falling back to 1 default profile: "default"
2026-04-12T21:26:31.410+02:00  INFO 27744 --- [           main] .s.d.r.c.RepositoryConfigurationDelegate : Bootstrapping Spring Data JPA repositories in DEFAULT mode.
2026-04-12T21:26:31.473+02:00  INFO 27744 --- [           main] .s.d.r.c.RepositoryConfigurationDelegate : Finished Spring Data repository scanning in 54 ms. Found 3 JPA repository interfaces.
2026-04-12T21:26:33.716+02:00  INFO 27744 --- [           main] o.s.b.w.embedded.tomcat.TomcatWebServer  : Tomcat initialized with port 0 (http)
2026-04-12T21:26:33.747+02:00  INFO 27744 --- [           main] o.apache.catalina.core.StandardService   : Starting service [Tomcat]
2026-04-12T21:26:33.748+02:00  INFO 27744 --- [           main] o.apache.catalina.core.StandardEngine    : Starting Servlet engine: [Apache Tomcat/10.1.19]
2026-04-12T21:26:33.847+02:00  INFO 27744 --- [           main] o.a.c.c.C.[Tomcat].[localhost].[/]       : Initializing Spring embedded WebApplicationContext
2026-04-12T21:26:33.847+02:00  INFO 27744 --- [           main] w.s.c.ServletWebServerApplicationContext : Root WebApplicationContext: initialization completed in 3763 ms
2026-04-12T21:26:34.071+02:00  INFO 27744 --- [           main] o.hibernate.jpa.internal.util.LogHelper  : HHH000204: Processing PersistenceUnitInfo [name: default]
2026-04-12T21:26:34.211+02:00  INFO 27744 --- [           main] org.hibernate.Version                    : HHH000412: Hibernate ORM core version 6.4.4.Final
2026-04-12T21:26:34.287+02:00  INFO 27744 --- [           main] o.h.c.internal.RegionFactoryInitiator    : HHH000026: Second-level cache disabled
2026-04-12T21:26:34.447+02:00  INFO 27744 --- [           main] o.s.o.j.p.SpringPersistenceUnitInfo      : No LoadTimeWeaver setup: ignoring JPA class transformer
2026-04-12T21:26:34.481+02:00  INFO 27744 --- [           main] com.zaxxer.hikari.HikariDataSource       : HikariPool-1 - Starting...
2026-04-12T21:26:34.809+02:00  INFO 27744 --- [           main] com.zaxxer.hikari.pool.HikariPool        : HikariPool-1 - Added connection conn0: url=jdbc:h2:mem:testdb user=SA
2026-04-12T21:26:34.811+02:00  INFO 27744 --- [           main] com.zaxxer.hikari.HikariDataSource       : HikariPool-1 - Start completed.
2026-04-12T21:26:34.847+02:00  WARN 27744 --- [           main] org.hibernate.orm.deprecation            : HHH90000025: H2Dialect does not need to be specified explicitly using 'hibernate.dialect' (remove the property setting and it will be selected by default)
2026-04-12T21:26:36.028+02:00  INFO 27744 --- [           main] o.h.e.t.j.p.i.JtaPlatformInitiator       : HHH000489: No JTA platform available (set 'hibernate.transaction.jta.platform' to enable JTA platform integration)
2026-04-12T21:26:36.136+02:00  INFO 27744 --- [           main] j.LocalContainerEntityManagerFactoryBean : Initialized JPA EntityManagerFactory for persistence unit 'default'
2026-04-12T21:26:36.907+02:00  INFO 27744 --- [           main] o.s.d.j.r.query.QueryEnhancerFactory     : Hibernate is in classpath; If applicable, HQL parser will be used.
2026-04-12T21:26:37.691+02:00  WARN 27744 --- [           main] JpaBaseConfiguration$JpaWebConfiguration : spring.jpa.open-in-view is enabled by default. Therefore, database queries may be performed during view rendering. Explicitly configure spring.jpa.open-in-view to disable this warning
2026-04-12T21:26:38.101+02:00  INFO 27744 --- [           main] o.s.s.web.DefaultSecurityFilterChain     : Will secure any request with [org.springframework.security.web.session.DisableEncodeUrlFilter@6277551c, org.springframework.security.web.context.request.async.WebAsyncManagerIntegrationFilter@465d9cce, org.springframework.security.web.context.SecurityContextHolderFilter@580930b7, org.springframework.security.web.header.HeaderWriterFilter@2081b4a8, org.springframework.web.filter.CorsFilter@51a4feef, org.springframework.security.web.authentication.logout.LogoutFilter@67a8a641, com.example.todo.security.AuthTokenFilter@403f6c04, org.springframework.security.web.savedrequest.RequestCacheAwareFilter@39086d6b, org.springframework.security.web.servletapi.SecurityContextHolderAwareRequestFilter@303fe95c, org.springframework.security.web.authentication.AnonymousAuthenticationFilter@11efc5da, org.springframework.security.web.session.SessionManagementFilter@4861df70, org.springframework.security.web.access.ExceptionTranslationFilter@3ce3b8d3, org.springframework.security.web.access.intercept.AuthorizationFilter@279063c7]
2026-04-12T21:26:38.934+02:00  INFO 27744 --- [           main] o.s.b.w.embedded.tomcat.TomcatWebServer  : Tomcat started on port 51034 (http) with context path ''
2026-04-12T21:26:38.946+02:00  INFO 27744 --- [           main] com.example.todo.AuthControllerTest      : Started AuthControllerTest in 9.317 seconds (process running for 10.828)
Admin user created: admin@gmail.com
2026-04-12T21:26:39.624+02:00  INFO 27744 --- [o-auto-1-exec-1] o.a.c.c.C.[Tomcat].[localhost].[/]       : Initializing Spring DispatcherServlet 'dispatcherServlet'
2026-04-12T21:26:39.625+02:00  INFO 27744 --- [o-auto-1-exec-1] o.s.web.servlet.DispatcherServlet        : Initializing Servlet 'dispatcherServlet'
2026-04-12T21:26:39.625+02:00  INFO 27744 --- [o-auto-1-exec-1] o.s.web.servlet.DispatcherServlet        : Completed initialization in 0 ms
]]></system-out>
    <system-err><![CDATA[WARNING: A Java agent has been loaded dynamically (C:\Users\user\.m2\repository\net\bytebuddy\byte-buddy-agent\1.14.12\byte-buddy-agent-1.14.12.jar)
WARNING: If a serviceability tool is in use, please run with -XX:+EnableDynamicAgentLoading to hide this warning
WARNING: If a serviceability tool is not in use, please run with -Djdk.instrument.traceUsage for more information
WARNING: Dynamic loading of agents will be disallowed by default in a future release
]]></system-err>
  </testcase>
  <testcase name="signup_duplicateEmail_returns400" classname="com.example.todo.AuthControllerTest" time="0.023"/>
  <testcase name="signup_duplicateUsername_returns400" classname="com.example.todo.AuthControllerTest" time="0.015"/>
  <testcase name="signup_blankUsername_returns400" classname="com.example.todo.AuthControllerTest" time="0.024"/>
  <testcase name="signup_shortPassword_returns400" classname="com.example.todo.AuthControllerTest" time="0.018"/>
  <testcase name="signup_invalidEmail_returns400" classname="com.example.todo.AuthControllerTest" time="0.019"/>
  <testcase name="signin_success_returnsToken" classname="com.example.todo.AuthControllerTest" time="0.228"/>
  <testcase name="signin_wrongPassword_returns401" classname="com.example.todo.AuthControllerTest" time="0.089"/>
  <testcase name="signin_unknownEmail_returns401" classname="com.example.todo.AuthControllerTest" time="0.089"/>
  <testcase name="signin_invalidEmailFormat_returns400" classname="com.example.todo.AuthControllerTest" time="0.015"/>
  <testcase name="forgotPassword_knownEmail_returns200" classname="com.example.todo.AuthControllerTest" time="0.065"/>
  <testcase name="forgotPassword_unknownEmail_still200" classname="com.example.todo.AuthControllerTest" time="0.014"/>
  <testcase name="forgotPassword_invalidEmail_returns400" classname="com.example.todo.AuthControllerTest" time="0.01"/>
  <testcase name="resetPassword_invalidToken_returns400" classname="com.example.todo.AuthControllerTest" time="0.015"/>
  <testcase name="resetPassword_validToken_success" classname="com.example.todo.AuthControllerTest" time="0.194"/>
  <testcase name="resetPassword_shortPassword_returns400" classname="com.example.todo.AuthControllerTest" time="0.012"/>
</testsuite>